
=== Tue Aug 26 00:47:15 2025

Packages were changed.
Update Mode: updateDependencies

The following packages were added:
  com.unity.2d.sprite@1.0.0
  com.unity.2d.tilemap@1.0.0
  com.unity.ads@4.4.2
  com.unity.analytics@3.8.1
  com.unity.collab-proxy@2.8.2
  com.unity.ide.rider@3.0.36
  com.unity.purchasing@4.12.2
  com.unity.xr.legacyinputhelpers@2.1.12
  com.unity.ai.navigation@2.0.8
  com.unity.modules.accessibility@1.0.0
  com.unity.multiplayer.center@1.0.0
The following packages were updated:
  com.unity.ide.visualstudio from version 2.0.22 to 2.0.23
  com.unity.test-framework from version 1.1.33 to 1.5.1
  com.unity.timeline from version 1.7.6 to 1.8.9
  com.unity.ugui from version 1.0.0 to 2.0.0
The following packages were removed:
  com.unity.textmeshpro@3.0.6
